-------------------------------------------------------------------------------
Test set: suities.TestSuite
-------------------------------------------------------------------------------
Tests run: 15, Failures: 0, Errors: 9, Skipped: 0, Time elapsed: 489.74 s <<< FAILURE! - in suities.TestSuite
testFailAssertElementPresent(tests.ArticleTests)  Time elapsed: 33.554 s  <<< ERROR!
org.openqa.selenium.TimeoutException: 
Expected condition failed: Cannot find and click search result with substringbject-oriented programming language
 (tried for 10 second(s) with 500 milliseconds interval)
	at tests.ArticleTests.testFailAssertElementPresent(ArticleTests.java:73)
Caused by: org.openqa.selenium.NoSuchElementException: 
Cannot locate an element using By.xpath: //*[@resource-id='org.wikipedia:id/page_list_item_container']//*[@text='bject-oriented programming language']
For documentation on this error, please visit: http://seleniumhq.org/exceptions/no_such_element.html
Build info: version: '3.12.0', revision: '7c6e0b3', time: '2018-05-08T14:04:26.12Z'
System info: host: 'NB_', ip: '192.168.96.1', os.name: 'Windows 10', os.arch: 'amd64', os.version: '10.0', java.version: '1.8.0_281'
Driver info: driver.version: unknown
	at tests.ArticleTests.testFailAssertElementPresent(ArticleTests.java:73)

testCompareArticleTitle(tests.ArticleTests)  Time elapsed: 25.668 s  <<< ERROR!
org.openqa.selenium.TimeoutException: 
Expected condition failed: Cannot find and click search result with substringbject-oriented programming language
 (tried for 10 second(s) with 500 milliseconds interval)
	at tests.ArticleTests.testCompareArticleTitle(ArticleTests.java:27)
Caused by: org.openqa.selenium.NoSuchElementException: 
Cannot locate an element using By.xpath: //*[@resource-id='org.wikipedia:id/page_list_item_container']//*[@text='bject-oriented programming language']
For documentation on this error, please visit: http://seleniumhq.org/exceptions/no_such_element.html
Build info: version: '3.12.0', revision: '7c6e0b3', time: '2018-05-08T14:04:26.12Z'
System info: host: 'NB_', ip: '192.168.96.1', os.name: 'Windows 10', os.arch: 'amd64', os.version: '10.0', java.version: '1.8.0_281'
Driver info: driver.version: unknown
	at tests.ArticleTests.testCompareArticleTitle(ArticleTests.java:27)

testSwipeArticle(tests.ArticleTests)  Time elapsed: 21.229 s  <<< ERROR!
java.lang.NullPointerException
	at tests.ArticleTests.testSwipeArticle(ArticleTests.java:56)

testAmountOfNotEmptySearch(tests.SearchTests)  Time elapsed: 20.946 s  <<< ERROR!
org.openqa.selenium.TimeoutException: 
Expected condition failed: Cannot find and type into search input
 (tried for 5 second(s) with 500 milliseconds interval)
	at tests.SearchTests.testAmountOfNotEmptySearch(SearchTests.java:59)
Caused by: org.openqa.selenium.NoSuchElementException: 
Cannot locate an element using By.xpath: //*[contains(@text,'Search…')]
For documentation on this error, please visit: http://seleniumhq.org/exceptions/no_such_element.html
Build info: version: '3.12.0', revision: '7c6e0b3', time: '2018-05-08T14:04:26.12Z'
System info: host: 'NB_', ip: '192.168.96.1', os.name: 'Windows 10', os.arch: 'amd64', os.version: '10.0', java.version: '1.8.0_281'
Driver info: driver.version: unknown
	at tests.SearchTests.testAmountOfNotEmptySearch(SearchTests.java:59)

testAmountOfEmptySearch(tests.SearchTests)  Time elapsed: 18.695 s  <<< ERROR!
org.openqa.selenium.TimeoutException: 
Expected condition failed: Cannot find and type into search input
 (tried for 5 second(s) with 500 milliseconds interval)
	at tests.SearchTests.testAmountOfEmptySearch(SearchTests.java:78)
Caused by: org.openqa.selenium.NoSuchElementException: 
Cannot locate an element using By.xpath: //*[contains(@text,'Search…')]
For documentation on this error, please visit: http://seleniumhq.org/exceptions/no_such_element.html
Build info: version: '3.12.0', revision: '7c6e0b3', time: '2018-05-08T14:04:26.12Z'
System info: host: 'NB_', ip: '192.168.96.1', os.name: 'Windows 10', os.arch: 'amd64', os.version: '10.0', java.version: '1.8.0_281'
Driver info: driver.version: unknown
	at tests.SearchTests.testAmountOfEmptySearch(SearchTests.java:78)

testSearch(tests.SearchTests)  Time elapsed: 49.275 s  <<< ERROR!
org.openqa.selenium.TimeoutException: 
Expected condition failed: Cannot find and click search result with substringbject-oriented programming language
 (tried for 10 second(s) with 500 milliseconds interval)
	at tests.SearchTests.testSearch(SearchTests.java:29)
Caused by: org.openqa.selenium.NoSuchElementException: 
Cannot locate an element using By.xpath: //*[@resource-id='org.wikipedia:id/page_list_item_container']//*[@text='bject-oriented programming language']
For documentation on this error, please visit: http://seleniumhq.org/exceptions/no_such_element.html
Build info: version: '3.12.0', revision: '7c6e0b3', time: '2018-05-08T14:04:26.12Z'
System info: host: 'NB_', ip: '192.168.96.1', os.name: 'Windows 10', os.arch: 'amd64', os.version: '10.0', java.version: '1.8.0_281'
Driver info: driver.version: unknown
	at tests.SearchTests.testSearch(SearchTests.java:29)

testChangeScreenOrientationOnSearchingResults(tests.ChangeAppConditionTests)  Time elapsed: 41.81 s  <<< ERROR!
java.lang.NullPointerException
	at tests.ChangeAppConditionTests.testChangeScreenOrientationOnSearchingResults(ChangeAppConditionTests.java:39)

testSaveTwoArticlesAndDeleteOne(tests.MyListsTests)  Time elapsed: 53.244 s  <<< ERROR!
org.openqa.selenium.TimeoutException: 
Expected condition failed: Cannot find and click search result with substringrogramming language
 (tried for 10 second(s) with 500 milliseconds interval)
	at tests.MyListsTests.testSaveTwoArticlesAndDeleteOne(MyListsTests.java:84)
Caused by: org.openqa.selenium.NoSuchElementException: 
Cannot locate an element using By.xpath: //*[@resource-id='org.wikipedia:id/page_list_item_container']//*[@text='rogramming language']
For documentation on this error, please visit: http://seleniumhq.org/exceptions/no_such_element.html
Build info: version: '3.12.0', revision: '7c6e0b3', time: '2018-05-08T14:04:26.12Z'
System info: host: 'NB_', ip: '192.168.96.1', os.name: 'Windows 10', os.arch: 'amd64', os.version: '10.0', java.version: '1.8.0_281'
Driver info: driver.version: unknown
	at tests.MyListsTests.testSaveTwoArticlesAndDeleteOne(MyListsTests.java:84)

testSaveFirstArticleToMyList(tests.MyListsTests)  Time elapsed: 37.541 s  <<< ERROR!
org.openqa.selenium.TimeoutException: 
Expected condition failed: Cannot find and click search result with substringbject-oriented programming language
 (tried for 10 second(s) with 500 milliseconds interval)
	at tests.MyListsTests.testSaveFirstArticleToMyList(MyListsTests.java:30)
Caused by: org.openqa.selenium.NoSuchElementException: 
Cannot locate an element using By.xpath: //*[@resource-id='org.wikipedia:id/page_list_item_container']//*[@text='bject-oriented programming language']
For documentation on this error, please visit: http://seleniumhq.org/exceptions/no_such_element.html
Build info: version: '3.12.0', revision: '7c6e0b3', time: '2018-05-08T14:04:26.12Z'
System info: host: 'NB_', ip: '192.168.96.1', os.name: 'Windows 10', os.arch: 'amd64', os.version: '10.0', java.version: '1.8.0_281'
Driver info: driver.version: unknown
	at tests.MyListsTests.testSaveFirstArticleToMyList(MyListsTests.java:30)

