-------------------------------------------------------------------------------
Test set: tests.ChangeAppConditionTests
-------------------------------------------------------------------------------
Tests run: 2, Failures: 0, Errors: 2, Skipped: 0, Time elapsed: 84.947 s <<< FAILURE! - in tests.ChangeAppConditionTests
testChangeScreenOrientationOnSearchingResults(tests.ChangeAppConditionTests)  Time elapsed: 49.776 s  <<< ERROR!
org.openqa.selenium.TimeoutException: 
Expected condition failed: Cannot find and click search result with substringObject-oriented programming language
 (tried for 10 second(s) with 500 milliseconds interval)
	at tests.ChangeAppConditionTests.testChangeScreenOrientationOnSearchingResults(ChangeAppConditionTests.java:28)
Caused by: org.openqa.selenium.NoSuchElementException: 
Cannot locate an element using By.xpath: //*[@resource-id='org.wikipedia:id/page_list_item_container']//*[contains(text(),'Object-oriented programming language')]
For documentation on this error, please visit: http://seleniumhq.org/exceptions/no_such_element.html
Build info: version: '3.12.0', revision: '7c6e0b3', time: '2018-05-08T14:04:26.12Z'
System info: host: 'NB_', ip: '192.168.96.1', os.name: 'Windows 10', os.arch: 'amd64', os.version: '10.0', java.version: '1.8.0_281'
Driver info: driver.version: unknown
	at tests.ChangeAppConditionTests.testChangeScreenOrientationOnSearchingResults(ChangeAppConditionTests.java:28)

testCheckSearchArticleInBackground(tests.ChangeAppConditionTests)  Time elapsed: 34.338 s  <<< ERROR!
org.openqa.selenium.TimeoutException: 
Expected condition failed: Cannot find any search result with substringObject-oriented programming language
 (tried for 10 second(s) with 500 milliseconds interval)
	at tests.ChangeAppConditionTests.testCheckSearchArticleInBackground(ChangeAppConditionTests.java:61)
Caused by: org.openqa.selenium.NoSuchElementException: 
Cannot locate an element using By.xpath: //*[@resource-id='org.wikipedia:id/page_list_item_container']//*[contains(text(),'Object-oriented programming language')]
For documentation on this error, please visit: http://seleniumhq.org/exceptions/no_such_element.html
Build info: version: '3.12.0', revision: '7c6e0b3', time: '2018-05-08T14:04:26.12Z'
System info: host: 'NB_', ip: '192.168.96.1', os.name: 'Windows 10', os.arch: 'amd64', os.version: '10.0', java.version: '1.8.0_281'
Driver info: driver.version: unknown
	at tests.ChangeAppConditionTests.testCheckSearchArticleInBackground(ChangeAppConditionTests.java:61)

